Started Processing file : infile2
enterEveryRule graph{fromatobfromatocfromatodfromdtoefrometof}bfsa{bfsQueuedNodeColor=khakibfsQueuedNodeShape=squarebfsOutImageDir=images/bfsPptName=c.pdf}dfsa{dfsStackNodeColor=khakidfsStackNodeShape=squaredfsOutImageDir=images/dfsPptName=d.pdf}
in enter graph
enterEveryRule fromatobfromatocfromatodfromdtoefrometof
enterEveryRule fromatob
enterEveryRule a
enterEveryRule b
inside exit edge 
enterEveryRule fromatoc
enterEveryRule a
enterEveryRule c
inside exit edge 
enterEveryRule fromatod
enterEveryRule a
enterEveryRule d
inside exit edge 
enterEveryRule fromdtoe
enterEveryRule d
enterEveryRule e
inside exit edge 
enterEveryRule frometof
enterEveryRule e
enterEveryRule f
inside exit edge 
enterEveryRule bfsa{bfsQueuedNodeColor=khakibfsQueuedNodeShape=squarebfsOutImageDir=images/bfsPptName=c.pdf}
exit bfs
enterEveryRule bfsQueuedNodeColor=khaki
enterEveryRule bfsQueuedNodeColor=khaki
enterEveryRule bfsQueuedNodeShape=square
enterEveryRule bfsQueuedNodeShape=square
enterEveryRule bfsOutImageDir=images/
enterEveryRule bfsOutImageDir=images/
enterEveryRule bfsPptName=c.pdf
enterEveryRule bfsPptName=c.pdf
bfs ppt name : c.pdf
enterEveryRule dfsa{dfsStackNodeColor=khakidfsStackNodeShape=squaredfsOutImageDir=images/dfsPptName=d.pdf}
enterEveryRule dfsStackNodeColor=khaki
enterEveryRule dfsStackNodeColor=khaki
enterEveryRule dfsStackNodeShape=square
enterEveryRule dfsStackNodeShape=square
enterEveryRule dfsOutImageDir=images/
enterEveryRule dfsOutImageDir=images/
enterEveryRule dfsPptName=d.pdf
enterEveryRule dfsPptName=d.pdf
setting DFS PPT name to d.pdf
call bfs
Proccessed File : infile2
