Started Processing file : infile
enterEveryRule graph{frombtoecost100fromatobcost34fromatoccost123fromatodcost456frometofcost4fromdtoecost789fromxtoycost150}
in enter graph
enterEveryRule frombtoecost100fromatobcost34fromatoccost123fromatodcost456frometofcost4fromdtoecost789fromxtoycost150
enterEveryRule frombtoecost100
enterEveryRule b
enterEveryRule e
inside exit edge 
edge weight 100
enterEveryRule fromatobcost34
enterEveryRule a
enterEveryRule b
inside exit edge 
edge weight 34
enterEveryRule fromatoccost123
enterEveryRule a
enterEveryRule c
inside exit edge 
edge weight 123
enterEveryRule fromatodcost456
enterEveryRule a
enterEveryRule d
inside exit edge 
edge weight 456
enterEveryRule frometofcost4
enterEveryRule e
enterEveryRule f
inside exit edge 
edge weight 4
enterEveryRule fromdtoecost789
enterEveryRule d
enterEveryRule e
inside exit edge 
edge weight 789
enterEveryRule fromxtoycost150
enterEveryRule x
enterEveryRule y
inside exit edge 
edge weight 150
Proccessed File : infile
